<?xml version="1.0" encoding="UTF-8"?>
<robot generator="Robot 5.0.1 (Python 3.10.12 on win32)" generated="20240630 01:26:47.444" rpa="false" schemaversion="3">
<suite id="s1" name="Teste" source="c:\Users\Gabriel\Desktop\HackthonJunior-main\HackthonJunior-main\teste.robot">
<test id="s1-t1" name="Pegar dados cartorio" line="53">
<kw name="1- abrir cartorio">
<kw name="Open Browser">
<arg>${cartorio}</arg>
<arg>firefox</arg>
<msg timestamp="20240630 01:26:47.555" level="FAIL">No keyword with name 'Open Browser' found.</msg>
<status status="FAIL" starttime="20240630 01:26:47.555" endtime="20240630 01:26:47.555"/>
</kw>
<status status="FAIL" starttime="20240630 01:26:47.552" endtime="20240630 01:26:47.560"/>
</kw>
<kw name="2- clicar serviÃ§os">
<status status="NOT RUN" starttime="20240630 01:26:47.562" endtime="20240630 01:26:47.562"/>
</kw>
<kw name="Get Text">
<var>${header_text0}</var>
<arg>${div_notariado}</arg>
<status status="NOT RUN" starttime="20240630 01:26:47.565" endtime="20240630 01:26:47.566"/>
</kw>
<kw name="Append To File" library="OperatingSystem">
<arg>${OUTPUT_FILE}</arg>
<arg>E-notoriado ${header_text0}\n</arg>
<doc>Appends the given content to the specified file.</doc>
<status status="NOT RUN" starttime="20240630 01:26:47.726" endtime="20240630 01:26:47.727"/>
</kw>
<kw name="Log" library="BuiltIn">
<arg>Data saved to file: ${OUTPUT_FILE}</arg>
<doc>Logs the given message with the given level.</doc>
<status status="NOT RUN" starttime="20240630 01:26:47.727" endtime="20240630 01:26:47.727"/>
</kw>
<kw name="fechar">
<status status="NOT RUN" starttime="20240630 01:26:47.727" endtime="20240630 01:26:47.727"/>
</kw>
<status status="FAIL" starttime="20240630 01:26:47.546" endtime="20240630 01:26:47.727">No keyword with name 'Open Browser' found.</status>
</test>
<status status="FAIL" starttime="20240630 01:26:47.446" endtime="20240630 01:26:47.745"/>
</suite>
<statistics>
<total>
<stat pass="0" fail="1" skip="0">All Tests</stat>
</total>
<tag>
</tag>
<suite>
<stat pass="0" fail="1" skip="0" id="s1" name="Teste">Teste</stat>
</suite>
</statistics>
<errors>
<msg timestamp="20240630 01:26:47.446" level="ERROR">Error in file 'c:\Users\Gabriel\Desktop\HackthonJunior-main\HackthonJunior-main\teste.robot' on line 14: Setting variable '${div_notariado} //*[@id="comp-ihjax7irmoreContainer"]' failed: Invalid variable name '${div_notariado} //*[@id="comp-ihjax7irmoreContainer"]'.</msg>
<msg timestamp="20240630 01:26:47.512" level="ERROR">Error in file 'c:\Users\Gabriel\Desktop\HackthonJunior-main\HackthonJunior-main\teste.robot' on line 3: Importing library 'SeleniumLibrary' failed: ModuleNotFoundError: No module named 'SeleniumLibrary'
Traceback (most recent call last):
  None
PYTHONPATH:
  c:\Users\Gabriel\.vscode\extensions\robocorp.robotframework-lsp-1.12.0\src\robotframework_debug_adapter
  C:\Users\Gabriel\Desktop\HackthonJunior-main\HackthonJunior-main
  c:\Users\Gabriel\.vscode\extensions\robocorp.robotframework-lsp-1.12.0\src
  c:\Users\Gabriel\.vscode\extensions\robocorp.robotframework-lsp-1.12.0\src\robotframework_ls\vendored
  c:\ProgramData\robocorp\ht\32528c4_b1f3c24_66529ced\python310.zip
  c:\ProgramData\robocorp\ht\32528c4_b1f3c24_66529ced\DLLs
  c:\ProgramData\robocorp\ht\32528c4_b1f3c24_66529ced\lib
  c:\ProgramData\robocorp\ht\32528c4_b1f3c24_66529ced
  c:\ProgramData\robocorp\ht
  c:\ProgramData\robocorp\ht\32528c4_b1f3c24_66529ced\lib\site-packages
  c:\ProgramData\robocorp\ht\32528c4_b1f3c24_66529ced\lib\site-packages\win32
  c:\ProgramData\robocorp\ht\32528c4_b1f3c24_66529ced\lib\site-packages\win32\lib
  c:\ProgramData\robocorp\ht\32528c4_b1f3c24_66529ced\lib\site-packages\Pythonwin</msg>
<msg timestamp="20240630 01:26:47.536" level="ERROR">Error in file 'c:\Users\Gabriel\Desktop\HackthonJunior-main\HackthonJunior-main\teste.robot' on line 5: Importing library 'DatabaseLibrary' failed: ModuleNotFoundError: No module named 'DatabaseLibrary'
Traceback (most recent call last):
  None
PYTHONPATH:
  c:\Users\Gabriel\.vscode\extensions\robocorp.robotframework-lsp-1.12.0\src\robotframework_debug_adapter
  C:\Users\Gabriel\Desktop\HackthonJunior-main\HackthonJunior-main
  c:\Users\Gabriel\.vscode\extensions\robocorp.robotframework-lsp-1.12.0\src
  c:\Users\Gabriel\.vscode\extensions\robocorp.robotframework-lsp-1.12.0\src\robotframework_ls\vendored
  c:\ProgramData\robocorp\ht\32528c4_b1f3c24_66529ced\python310.zip
  c:\ProgramData\robocorp\ht\32528c4_b1f3c24_66529ced\DLLs
  c:\ProgramData\robocorp\ht\32528c4_b1f3c24_66529ced\lib
  c:\ProgramData\robocorp\ht\32528c4_b1f3c24_66529ced
  c:\ProgramData\robocorp\ht
  c:\ProgramData\robocorp\ht\32528c4_b1f3c24_66529ced\lib\site-packages
  c:\ProgramData\robocorp\ht\32528c4_b1f3c24_66529ced\lib\site-packages\win32
  c:\ProgramData\robocorp\ht\32528c4_b1f3c24_66529ced\lib\site-packages\win32\lib
  c:\ProgramData\robocorp\ht\32528c4_b1f3c24_66529ced\lib\site-packages\Pythonwin</msg>
</errors>
</robot>
